"QUERY PLAN"
"Sort  (cost=41484.07..41484.24 rows=67 width=104) (actual time=147.371..149.243 rows=602 loops=1)"
"  Sort Key: (count(*)) DESC"
"  Sort Method: quicksort  Memory: 57kB"
"  ->  Finalize GroupAggregate  (cost=41417.41..41482.04 rows=67 width=104) (actual time=138.293..148.838 rows=602 loops=1)"
"        Group Key: q.tag"
"        Filter: (round(avg((EXTRACT(epoch FROM (posts.creationdate - q.question_time)) / '60'::numeric)), 2) < '250000'::numeric)"
"        Rows Removed by Filter: 12"
"        ->  Gather Merge  (cost=41417.41..41472.70 rows=400 width=104) (actual time=138.250..146.306 rows=1416 loops=1)"
"              Workers Planned: 2"
"              Workers Launched: 2"
"              ->  Partial GroupAggregate  (cost=40417.39..40426.51 rows=200 width=104) (actual time=131.536..136.338 rows=472 loops=3)"
"                    Group Key: q.tag"
"                    ->  Sort  (cost=40417.39..40418.22 rows=331 width=52) (actual time=131.481..132.002 rows=4929 loops=3)"
"                          Sort Key: q.tag"
"                          Sort Method: quicksort  Memory: 470kB"
"                          Worker 0:  Sort Method: quicksort  Memory: 452kB"
"                          Worker 1:  Sort Method: quicksort  Memory: 429kB"
"                          ->  Nested Loop Left Join  (cost=0.85..40403.53 rows=331 width=52) (actual time=0.298..124.298 rows=4929 loops=3)"
"                                Filter: (q.owneruserid IS DISTINCT FROM u.id)"
"                                Rows Removed by Filter: 567"
"                                ->  Nested Loop  (cost=0.43..40193.43 rows=331 width=56) (actual time=0.263..103.547 rows=5496 loops=3)"
"                                      ->  Subquery Scan on q  (cost=0.00..33294.66 rows=28726 width=48) (actual time=0.122..79.232 rows=10413 loops=3)"
"                                            Filter: (q.tag <> 'postgresql'::text)"
"                                            Rows Removed by Filter: 5611"
"                                            ->  ProjectSet  (cost=0.00..32933.78 rows=28870 width=52) (actual time=0.102..76.100 rows=16023 loops=3)"
"                                                  ->  Parallel Seq Scan on posts q_1  (cost=0.00..32753.34 rows=2887 width=47) (actual time=0.088..61.184 rows=5796 loops=3)"
"                                                        Filter: ((tags ~~ '%postgresql%'::text) AND (posttypeid = 1))"
"                                                        Rows Removed by Filter: 75340"
"                                      ->  Memoize  (cost=0.43..4.44 rows=1 width=16) (actual time=0.002..0.002 rows=1 loops=31238)"
"                                            Cache Key: q.acceptedanswerid"
"                                            Cache Mode: logical"
"                                            Hits: 8526  Misses: 2757  Evictions: 0  Overflows: 0  Memory Usage: 312kB"
"                                            Worker 0:  Hits: 7878  Misses: 2559  Evictions: 0  Overflows: 0  Memory Usage: 290kB"
"                                            Worker 1:  Hits: 7112  Misses: 2406  Evictions: 0  Overflows: 0  Memory Usage: 272kB"
"                                            ->  Index Scan using posts_pkey on posts  (cost=0.42..4.43 rows=1 width=16) (actual time=0.005..0.005 rows=1 loops=7722)"
"                                                  Index Cond: (id = q.acceptedanswerid)"
"                                                  Filter: (posttypeid = 2)"
"                                ->  Index Scan using users_pkey on users u  (cost=0.42..0.62 rows=1 width=8) (actual time=0.003..0.003 rows=1 loops=16489)"
"                                      Index Cond: (id = posts.owneruserid)"
"Planning Time: 1.195 ms"
"Execution Time: 149.630 ms"
