"QUERY PLAN"
"Gather Merge  (cost=46585.05..46587.62 rows=22 width=130) (actual time=83.649..90.781 rows=17 loops=1)"
"  Workers Planned: 2"
"  Workers Launched: 2"
"  ->  Sort  (cost=45585.03..45585.06 rows=11 width=130) (actual time=78.124..78.128 rows=6 loops=3)"
"        Sort Key: a.score"
"        Sort Method: quicksort  Memory: 26kB"
"        Worker 0:  Sort Method: quicksort  Memory: 25kB"
"        Worker 1:  Sort Method: quicksort  Memory: 25kB"
"        ->  Nested Loop Left Join  (cost=0.84..45584.84 rows=11 width=130) (actual time=27.461..78.069 rows=6 loops=3)"
"              ->  Nested Loop  (cost=0.42..45542.17 rows=11 width=120) (actual time=27.391..77.915 rows=6 loops=3)"
"                    ->  Parallel Seq Scan on posts q  (cost=0.00..32753.34 rows=2887 width=104) (actual time=0.097..60.024 rows=5796 loops=3)"
"                          Filter: ((tags ~~ '%postgresql%'::text) AND (posttypeid = 1))"
"                          Rows Removed by Filter: 75340"
"                    ->  Index Scan using posts_pkey on posts a  (cost=0.42..4.43 rows=1 width=20) (actual time=0.003..0.003 rows=0 loops=17389)"
"                          Index Cond: (id = q.acceptedanswerid)"
"                          Filter: ((score < 0) AND (posttypeid = 2))"
"                          Rows Removed by Filter: 1"
"              ->  Index Scan using users_pkey on users u  (cost=0.42..3.88 rows=1 width=18) (actual time=0.023..0.023 rows=1 loops=17)"
"                    Index Cond: (id = a.owneruserid)"
"Planning Time: 0.820 ms"
"Execution Time: 90.846 ms"
